Date/Time of run: 2018-11-09 16:39:10
Temp0: 79.925    Temp1: 75.0866
Date/Time of run: 2018-11-09 16:43:52
Temp0: 73.4 	 Temp1: 72.1616
Date/Time of run: 2018-11-09 16:46:04
Temp0: 78.4616 	 Temp1: 71.6
Date/Time of run: 2018-11-09 16:46:07
Temp0: 78.575 	 Temp1: 71.6
Date/Time of run: 2018-11-09 16:46:10
Temp0: 78.6866 	 Temp1: 71.6
Date/Time of run: 2018-11-09 16:46:13
Temp0: 78.8 	 Temp1: 71.6
Date/Time of run: 2018-11-09 16:46:16
Temp0: 78.8 	 Temp1: 71.6
Date/Time of run: 2018-11-09 16:46:38
***ALERT*** Temp0: 81.95 	 Temp1: 71.6
Date/Time of run: 2018-11-09 16:46:40
***ALERT*** Temp0: 81.95 	 Temp1: 71.6
Date/Time of run: 2018-11-09 16:46:44
***ALERT*** Temp0: 83.1866 	 Temp1: 71.4866
Date/Time of run: 2018-11-09 16:46:47
***ALERT*** Temp0: 83.75 	 Temp1: 71.4866
Date/Time of run: 2018-11-09 16:46:50
***ALERT*** Temp0: 84.2 	 Temp1: 71.4866
Date/Time of run: 2018-11-09 16:46:54
***ALERT*** Temp0: 84.5366 	 Temp1: 71.4866
Date/Time of run: 2018-11-09 16:46:57
***ALERT*** Temp0: 84.9866 	 Temp1: 71.4866
Date/Time of run: 2018-11-09 16:47:01
***ALERT*** Temp0: 85.2116 	 Temp1: 71.4866
Date/Time of run: 2018-11-09 16:47:06
***ALERT*** Temp0: 85.55 	 Temp1: 71.4866
Date/Time of run: 2018-11-09 16:47:27
***ALERT*** Temp0: 86.3366 	 Temp1: 74.1866
Date/Time of run: 2018-11-09 16:47:30
***ALERT*** Temp0: 86.5616 	 Temp1: 74.6366
Date/Time of run: 2018-11-09 16:47:33
***ALERT*** Temp0: 86.7866 	 Temp1: 74.975
Date/Time of run: 2018-11-09 16:47:36
***ALERT*** Temp0: 87.0116 	 Temp1: 75.3116
Date/Time of run: 2018-11-09 16:47:39
***ALERT*** Temp0: 87.125 	 Temp1: 75.65
Date/Time of run: 2018-11-09 16:47:42
***ALERT*** Temp0: 87.2366 	 Temp1: 76.1
Date/Time of run: 2018-11-09 16:47:45
***ALERT*** Temp0: 87.35 	 Temp1: 76.4366
Date/Time of run: 2018-11-09 16:47:49
***ALERT*** Temp0: 87.4616 	 Temp1: 76.8866
Date/Time of run: 2018-11-09 16:47:52
***ALERT*** Temp0: 87.575 	 Temp1: 77.225
Date/Time of run: 2018-11-09 16:47:55
***ALERT*** Temp0: 87.6866 	 Temp1: 77.5616
Date/Time of run: 2018-11-09 16:47:58
***ALERT*** Temp0: 87.6866 	 Temp1: 77.9
Date/Time of run: 2018-11-09 16:48:01
***ALERT*** Temp0: 87.8 	 Temp1: 78.2366
Date/Time of run: 2018-11-09 16:48:21
***ALERT*** Temp0: 88.025 	 Temp1: 79.7
Date/Time of run: 2018-11-09 16:48:25
***ALERT*** Temp0: 88.025 	 Temp1: 79.925
Date/Time of run: 2018-11-09 16:48:28
******ALERT******
Temp0: 88.025 	 Temp1: 80.0366
Date/Time of run: 2018-11-09 16:48:46
***ALERT*** Temp0: 84.7616 	 Temp1: 78.4616
Date/Time of run: 2018-11-09 16:48:49
***ALERT*** Temp0: 84.0866 	 Temp1: 78.4616
Date/Time of run: 2018-11-09 16:48:52
***ALERT*** Temp0: 83.525 	 Temp1: 77.5616
Date/Time of run: 2018-11-09 16:48:55
***ALERT*** Temp0: 82.85 	 Temp1: 77.225
Date/Time of run: 2018-11-09 16:49:24
Temp0: 78.2366 	 Temp1: 73.85
Date/Time of run: 2018-11-09 16:49:24
Temp0: 78.2366 	 Temp1: 73.85
Date/Time of run: 2018-11-09 16:49:24
Temp0: 78.2366 	 Temp1: 73.85
Date/Time of run: 2018-11-09 16:49:24
Temp0: 78.2366 	 Temp1: 73.85
Date/Time of run: 2018-11-09 16:49:24
Temp0: 78.2366 	 Temp1: 73.85
Date/Time of run: 2018-11-09 16:49:24
Temp0: 78.2366 	 Temp1: 73.85
Date/Time of run: 2018-11-09 16:49:24
Temp0: 78.2366 	 Temp1: 73.85
Date/Time of run: 2018-11-09 16:49:24
Temp0: 78.2366 	 Temp1: 73.85
Date/Time of run: 2018-11-09 16:49:24
Temp0: 78.2366 	 Temp1: 73.85
Date/Time of run: 2018-11-09 16:49:24
Temp0: 78.2366 	 Temp1: 73.85
Date/Time of run: 2018-11-09 16:49:24
Temp0: 78.2366 	 Temp1: 73.85
Date/Time of run: 2018-11-13 09:45:48
Temp0: 68.1116 	 Temp1: 69.0116
Date/Time of run: 2018-11-13 09:45:50
Temp0: 68.225 	 Temp1: 69.0116
Date/Time of run: 2018-11-13 09:45:52
Temp0: 68.225 	 Temp1: 69.0116
Date/Time of run: 2018-11-13 09:45:54
Temp0: 68.225 	 Temp1: 69.0116
Date/Time of run: 2018-11-13 09:45:56
Temp0: 68.225 	 Temp1: 69.0116
Date/Time of run: 2018-11-13 09:48:24
Temp0: 68.225 	 Temp1: 69.125
Date/Time of run: 2018-11-13 09:48:26
Temp0: 68.225 	 Temp1: 69.125
Date/Time of run: 2018-11-13 09:48:27
Temp0: 68.225 	 Temp1: 69.125
Date/Time of run: 2018-11-13 09:48:29
Temp0: 68.225 	 Temp1: 69.125
Date/Time of run: 2018-11-13 09:48:31
Temp0: 68.225 	 Temp1: 69.125
Date/Time of run: 2018-11-13 09:59:28
Temp0: 68.225 	 Temp1: 69.125
Date/Time of run: 2018-11-13 09:59:30
Temp0: 68.225 	 Temp1: 69.125
Date/Time of run: 2018-11-13 09:59:32
Temp0: 68.3366 	 Temp1: 69.125
Date/Time of run: 2018-11-13 09:59:34
Temp0: 68.225 	 Temp1: 69.125
Date/Time of run: 2018-11-13 09:59:36
Temp0: 68.3366 	 Temp1: 69.125
Date/Time of run: 2018-11-13 10:02:06
Temp0: 68.225 	 Temp1: 69.125
Date/Time of run: 2018-11-13 10:02:07
Temp0: 68.3366 	 Temp1: 69.125
Date/Time of run: 2018-11-13 10:02:09
Temp0: 68.3366 	 Temp1: 69.2366
Date/Time of run: 2018-11-13 10:02:11
Temp0: 68.3366 	 Temp1: 69.125
Date/Time of run: 2018-11-13 10:02:13
Temp0: 68.3366 	 Temp1: 69.2366
Date/Time of run: 2018-11-13 10:07:06
Temp0: 68.225 	 Temp1: 69.0116
Date/Time of run: 2018-11-13 10:07:08
Temp0: 68.3366 	 Temp1: 69.125
Date/Time of run: 2018-11-13 10:07:09
Temp0: 68.3366 	 Temp1: 69.125
Date/Time of run: 2018-11-13 10:07:11
Temp0: 68.225 	 Temp1: 69.125
Date/Time of run: 2018-11-13 10:07:13
Temp0: 68.3366 	 Temp1: 69.125
Date/Time of run: 2018-11-13 10:12:06
Temp0: 68.1116 	 Temp1: 68.9
Date/Time of run: 2018-11-13 10:12:08
Temp0: 68.1116 	 Temp1: 68.9
Date/Time of run: 2018-11-13 10:12:10
Temp0: 68.1116 	 Temp1: 69.0116
Date/Time of run: 2018-11-13 10:12:11
Temp0: 68.225 	 Temp1: 69.0116
Date/Time of run: 2018-11-13 10:12:13
Temp0: 68.1116 	 Temp1: 69.0116
Date/Time of run: 2018-11-13 10:17:07
Temp0: 68.225 	 Temp1: 69.2366
Date/Time of run: 2018-11-13 10:17:09
Temp0: 68.225 	 Temp1: 69.125
Date/Time of run: 2018-11-13 10:17:10
Temp0: 68.225 	 Temp1: 69.125
Date/Time of run: 2018-11-13 10:17:12
Temp0: 68.225 	 Temp1: 69.2366
Date/Time of run: 2018-11-13 10:17:14
Temp0: 68.3366 	 Temp1: 69.2366
Date/Time of run: 2018-11-13 10:22:06
Temp0: 68.5616 	 Temp1: 69.4616
Date/Time of run: 2018-11-13 10:22:08
Temp0: 68.5616 	 Temp1: 69.4616
Date/Time of run: 2018-11-13 10:22:09
Temp0: 68.5616 	 Temp1: 69.4616
Date/Time of run: 2018-11-13 10:22:11
Temp0: 68.5616 	 Temp1: 69.4616
Date/Time of run: 2018-11-13 10:22:13
Temp0: 68.675 	 Temp1: 69.575
Date/Time of run: 2018-11-13 10:27:06
Temp0: 68.7866 	 Temp1: 69.6866
Date/Time of run: 2018-11-13 10:27:08
Temp0: 68.7866 	 Temp1: 69.6866
Date/Time of run: 2018-11-13 10:27:09
Temp0: 68.7866 	 Temp1: 69.6866
Date/Time of run: 2018-11-13 10:27:11
Temp0: 68.7866 	 Temp1: 69.6866
Date/Time of run: 2018-11-13 10:27:13
Temp0: 68.7866 	 Temp1: 69.6866
Date/Time of run: 2018-11-13 10:32:07
***ALERT*** Temp0: 81.95 	 Temp1: 69.6866
Date/Time of run: 2018-11-13 10:32:09
***ALERT*** Temp0: 82.0616 	 Temp1: 69.6866
Date/Time of run: 2018-11-13 10:32:10
***ALERT*** Temp0: 82.0616 	 Temp1: 69.6866
Date/Time of run: 2018-11-13 10:32:12
***ALERT*** Temp0: 82.0616 	 Temp1: 69.8
Date/Time of run: 2018-11-13 10:32:14
***ALERT*** Temp0: 82.175 	 Temp1: 69.8
Date/Time of run: 2018-11-13 10:33:34
***ALERT*** Temp0: 82.4 	 Temp1: 69.6866
Date/Time of run: 2018-11-13 10:33:36
***ALERT*** Temp0: 82.4 	 Temp1: 69.6866
Date/Time of run: 2018-11-13 10:33:38
***ALERT*** Temp0: 82.4 	 Temp1: 69.6866
Date/Time of run: 2018-11-13 10:33:39
***ALERT*** Temp0: 82.4 	 Temp1: 69.6866
Date/Time of run: 2018-11-13 10:33:41
***ALERT*** Temp0: 82.4 	 Temp1: 69.6866
Date/Time of run: 2018-11-13 10:34:06
***ALERT*** Temp0: 82.4 	 Temp1: 69.6866
Date/Time of run: 2018-11-13 10:34:08
***ALERT*** Temp0: 82.4 	 Temp1: 69.6866
Date/Time of run: 2018-11-13 10:34:09
***ALERT*** Temp0: 82.4 	 Temp1: 69.6866
Date/Time of run: 2018-11-13 10:34:12
***ALERT*** Temp0: 82.4 	 Temp1: 69.6866
Date/Time of run: 2018-11-13 10:34:14
***ALERT*** Temp0: 82.4 	 Temp1: 69.8
Date/Time of run: 2018-11-13 10:34:44
***ALERT*** Temp0: 82.4 	 Temp1: 69.6866
Date/Time of run: 2018-11-13 10:34:46
***ALERT*** Temp0: 82.4 	 Temp1: 69.8
Date/Time of run: 2018-11-13 10:34:48
***ALERT*** Temp0: 82.4 	 Temp1: 69.8
Date/Time of run: 2018-11-13 10:34:50
***ALERT*** Temp0: 82.4 	 Temp1: 69.8
Date/Time of run: 2018-11-13 10:34:51
***ALERT*** Temp0: 82.4 	 Temp1: 69.8
Date/Time of run: 2018-11-13 10:37:06
***ALERT*** Temp0: 82.5116 	 Temp1: 69.6866
Date/Time of run: 2018-11-13 10:37:08
***ALERT*** Temp0: 82.5116 	 Temp1: 69.8
Date/Time of run: 2018-11-13 10:37:10
***ALERT*** Temp0: 82.5116 	 Temp1: 69.8
Date/Time of run: 2018-11-13 10:37:12
***ALERT*** Temp0: 82.5116 	 Temp1: 69.8
Date/Time of run: 2018-11-13 10:37:14
***ALERT*** Temp0: 82.5116 	 Temp1: 69.8
Date/Time of run: 2018-11-13 10:42:06
***ALERT*** Temp0: 82.85 	 Temp1: 69.6866
Date/Time of run: 2018-11-13 10:42:08
***ALERT*** Temp0: 82.85 	 Temp1: 69.6866
Date/Time of run: 2018-11-13 10:42:10
***ALERT*** Temp0: 82.85 	 Temp1: 69.8
Date/Time of run: 2018-11-13 10:42:12
***ALERT*** Temp0: 82.85 	 Temp1: 69.8
Date/Time of run: 2018-11-13 10:42:13
***ALERT*** Temp0: 82.85 	 Temp1: 69.8
Date/Time of run: 2018-11-13 10:47:06
***ALERT*** Temp0: 82.4 	 Temp1: 69.575
Date/Time of run: 2018-11-13 10:47:08
***ALERT*** Temp0: 82.5116 	 Temp1: 69.6866
Date/Time of run: 2018-11-13 10:47:10
***ALERT*** Temp0: 82.5116 	 Temp1: 69.6866
Date/Time of run: 2018-11-13 10:47:12
***ALERT*** Temp0: 82.5116 	 Temp1: 69.6866
Date/Time of run: 2018-11-13 10:47:13
***ALERT*** Temp0: 82.5116 	 Temp1: 69.6866
Date/Time of run: 2018-11-13 10:52:06
***ALERT*** Temp0: 82.2866 	 Temp1: 69.6866
Date/Time of run: 2018-11-13 10:52:08
***ALERT*** Temp0: 82.2866 	 Temp1: 69.6866
Date/Time of run: 2018-11-13 10:52:10
***ALERT*** Temp0: 82.2866 	 Temp1: 69.6866
Date/Time of run: 2018-11-13 10:52:11
***ALERT*** Temp0: 82.2866 	 Temp1: 69.6866
Date/Time of run: 2018-11-13 10:52:13
***ALERT*** Temp0: 82.2866 	 Temp1: 69.6866
Date/Time of run: 2018-11-13 10:57:06
***ALERT*** Temp0: 82.4 	 Temp1: 69.6866
Date/Time of run: 2018-11-13 10:57:08
***ALERT*** Temp0: 82.4 	 Temp1: 69.6866
Date/Time of run: 2018-11-13 10:57:10
***ALERT*** Temp0: 82.2866 	 Temp1: 69.6866
Date/Time of run: 2018-11-13 10:57:12
***ALERT*** Temp0: 82.2866 	 Temp1: 69.6866
Date/Time of run: 2018-11-13 10:57:13
***ALERT*** Temp0: 82.2866 	 Temp1: 69.6866
Date/Time of run: 2018-11-13 11:02:06
***ALERT*** Temp0: 82.2866 	 Temp1: 69.8
Date/Time of run: 2018-11-13 11:02:08
***ALERT*** Temp0: 82.2866 	 Temp1: 69.8
Date/Time of run: 2018-11-13 11:02:12
***ALERT*** Temp0: 82.2866 	 Temp1: 69.8
Date/Time of run: 2018-11-13 11:02:14
***ALERT*** Temp0: 82.2866 	 Temp1: 69.8
Date/Time of run: 2018-11-13 11:02:15
***ALERT*** Temp0: 82.4 	 Temp1: 69.9116
Date/Time of run: 2018-11-13 11:07:06
***ALERT*** Temp0: 82.2866 	 Temp1: 69.9116
Date/Time of run: 2018-11-13 11:07:08
***ALERT*** Temp0: 82.2866 	 Temp1: 70.025
Date/Time of run: 2018-11-13 11:07:10
***ALERT*** Temp0: 82.2866 	 Temp1: 70.025
Date/Time of run: 2018-11-13 11:07:12
***ALERT*** Temp0: 82.2866 	 Temp1: 70.025
Date/Time of run: 2018-11-13 11:07:14
***ALERT*** Temp0: 82.2866 	 Temp1: 70.025
Date/Time of run: 2018-11-13 11:12:06
***ALERT*** Temp0: 82.5116 	 Temp1: 69.9116
Date/Time of run: 2018-11-13 11:12:08
***ALERT*** Temp0: 82.5116 	 Temp1: 69.9116
Date/Time of run: 2018-11-13 11:12:11
***ALERT*** Temp0: 82.5116 	 Temp1: 69.9116
Date/Time of run: 2018-11-13 11:12:13
***ALERT*** Temp0: 82.5116 	 Temp1: 69.9116
Date/Time of run: 2018-11-13 11:12:14
***ALERT*** Temp0: 82.5116 	 Temp1: 69.9116
Date/Time of run: 2018-11-13 11:17:07
***ALERT*** Temp0: 82.4 	 Temp1: 69.9116
Date/Time of run: 2018-11-13 11:17:08
***ALERT*** Temp0: 82.5116 	 Temp1: 69.9116
Date/Time of run: 2018-11-13 11:17:10
***ALERT*** Temp0: 82.5116 	 Temp1: 69.9116
Date/Time of run: 2018-11-13 11:17:12
***ALERT*** Temp0: 82.5116 	 Temp1: 70.025
Date/Time of run: 2018-11-13 11:17:14
***ALERT*** Temp0: 82.5116 	 Temp1: 69.9116
Date/Time of run: 2018-11-13 11:22:06
Temp0: 70.3616 	 Temp1: 69.125
Date/Time of run: 2018-11-13 11:22:08
Temp0: 70.3616 	 Temp1: 69.125
Date/Time of run: 2018-11-13 11:22:10
Temp0: 70.3616 	 Temp1: 69.125
Date/Time of run: 2018-11-13 11:22:12
Temp0: 70.3616 	 Temp1: 69.125
Date/Time of run: 2018-11-13 11:22:14
Temp0: 70.3616 	 Temp1: 69.125
Date/Time of run: 2018-11-13 11:23:12
Temp0: 69.6866 	 Temp1: 68.9
Date/Time of run: 2018-11-13 11:24:51
Temp0: 68.7866 	 Temp1: 68.225
Date/Time of run: 2018-11-13 11:24:53
Temp0: 68.7866 	 Temp1: 68.3366
Date/Time of run: 2018-11-13 11:24:55
Temp0: 68.7866 	 Temp1: 68.3366
Date/Time of run: 2018-11-13 11:24:57
Temp0: 68.7866 	 Temp1: 68.3366
Date/Time of run: 2018-11-13 11:24:58
Temp0: 68.7866 	 Temp1: 68.3366
Date/Time of run: 2018-11-13 11:27:07
Temp0: 68.3366 	 Temp1: 68.0
Date/Time of run: 2018-11-13 11:27:08
Temp0: 68.225 	 Temp1: 68.1116
Date/Time of run: 2018-11-13 11:27:10
Temp0: 68.3366 	 Temp1: 68.1116
Date/Time of run: 2018-11-13 11:27:12
Temp0: 68.3366 	 Temp1: 68.1116
Date/Time of run: 2018-11-13 11:27:14
Temp0: 68.3366 	 Temp1: 68.1116
Date/Time of run: 2018-11-13 11:32:06
Temp0: 67.775 	 Temp1: 67.55
Date/Time of run: 2018-11-13 11:32:08
Temp0: 67.775 	 Temp1: 67.55
Date/Time of run: 2018-11-13 11:32:10
Temp0: 67.8866 	 Temp1: 67.55
Date/Time of run: 2018-11-13 11:32:12
Temp0: 67.8866 	 Temp1: 67.55
Date/Time of run: 2018-11-13 11:32:14
Temp0: 67.8866 	 Temp1: 67.55
Date/Time of run: 2018-11-13 11:37:06
Temp0: 67.1 	 Temp1: 66.9866
Date/Time of run: 2018-11-13 11:37:08
Temp0: 67.2116 	 Temp1: 67.1
Date/Time of run: 2018-11-13 11:37:10
Temp0: 67.2116 	 Temp1: 67.1
Date/Time of run: 2018-11-13 11:37:12
Temp0: 67.2116 	 Temp1: 67.1
Date/Time of run: 2018-11-13 11:37:14
Temp0: 67.325 	 Temp1: 67.1
Date/Time of run: 2018-11-13 11:42:07
Temp0: 66.7616 	 Temp1: 66.65
Date/Time of run: 2018-11-13 11:42:09
Temp0: 66.7616 	 Temp1: 66.65
Date/Time of run: 2018-11-13 11:42:11
Temp0: 66.7616 	 Temp1: 66.65
Date/Time of run: 2018-11-13 11:42:13
Temp0: 66.7616 	 Temp1: 66.65
Date/Time of run: 2018-11-13 11:42:14
Temp0: 66.7616 	 Temp1: 66.65
Date/Time of run: 2018-11-13 11:47:07
Temp0: 67.55 	 Temp1: 67.55
Date/Time of run: 2018-11-13 11:47:09
Temp0: 67.6616 	 Temp1: 67.55
Date/Time of run: 2018-11-13 11:47:11
Temp0: 67.6616 	 Temp1: 67.6616
Date/Time of run: 2018-11-13 11:47:13
Temp0: 67.6616 	 Temp1: 67.6616
Date/Time of run: 2018-11-13 11:47:15
Temp0: 67.6616 	 Temp1: 67.6616
Date/Time of run: 2018-11-13 11:52:07
Temp0: 68.675 	 Temp1: 68.5616
Date/Time of run: 2018-11-13 11:52:08
Temp0: 68.675 	 Temp1: 68.675
Date/Time of run: 2018-11-13 11:52:10
Temp0: 68.675 	 Temp1: 68.675
Date/Time of run: 2018-11-13 11:52:12
Temp0: 68.7866 	 Temp1: 68.675
Date/Time of run: 2018-11-13 11:52:14
Temp0: 68.675 	 Temp1: 68.675
Date/Time of run: 2018-11-13 11:57:07
Temp0: 69.125 	 Temp1: 69.0116
Date/Time of run: 2018-11-13 11:57:08
Temp0: 69.125 	 Temp1: 69.0116
Date/Time of run: 2018-11-13 11:57:10
Temp0: 69.125 	 Temp1: 69.0116
Date/Time of run: 2018-11-13 11:57:12
Temp0: 69.125 	 Temp1: 69.0116
Date/Time of run: 2018-11-13 11:57:14
Temp0: 69.125 	 Temp1: 69.0116
Date/Time of run: 2018-11-13 12:02:07
Temp0: 69.35 	 Temp1: 69.2366
Date/Time of run: 2018-11-13 12:02:09
Temp0: 69.4616 	 Temp1: 69.35
Date/Time of run: 2018-11-13 12:02:10
Temp0: 69.4616 	 Temp1: 69.35
Date/Time of run: 2018-11-13 12:02:12
Temp0: 69.4616 	 Temp1: 69.35
Date/Time of run: 2018-11-13 12:02:14
Temp0: 69.4616 	 Temp1: 69.35
Date/Time of run: 2018-11-13 12:07:07
Temp0: 69.575 	 Temp1: 69.4616
Date/Time of run: 2018-11-13 12:07:08
Temp0: 69.575 	 Temp1: 69.4616
Date/Time of run: 2018-11-13 12:07:10
Temp0: 69.575 	 Temp1: 69.4616
Date/Time of run: 2018-11-13 12:07:12
Temp0: 69.575 	 Temp1: 69.4616
Date/Time of run: 2018-11-13 12:07:14
Temp0: 69.575 	 Temp1: 69.4616
Date/Time of run: 2018-11-13 12:12:07
Temp0: 69.575 	 Temp1: 69.35
Date/Time of run: 2018-11-13 12:12:09
Temp0: 69.575 	 Temp1: 69.4616
Date/Time of run: 2018-11-13 12:12:10
Temp0: 69.575 	 Temp1: 69.4616
Date/Time of run: 2018-11-13 12:12:12
Temp0: 69.575 	 Temp1: 69.4616
Date/Time of run: 2018-11-13 12:12:14
Temp0: 69.575 	 Temp1: 69.4616
Date/Time of run: 2018-11-13 12:17:07
Temp0: 69.6866 	 Temp1: 69.575
Date/Time of run: 2018-11-13 12:17:09
Temp0: 69.6866 	 Temp1: 69.575
Date/Time of run: 2018-11-13 12:17:11
Temp0: 69.6866 	 Temp1: 69.575
Date/Time of run: 2018-11-13 12:17:12
Temp0: 69.6866 	 Temp1: 69.575
Date/Time of run: 2018-11-13 12:17:14
Temp0: 69.8 	 Temp1: 69.575
Date/Time of run: 2018-11-13 12:22:07
Temp0: 69.8 	 Temp1: 69.575
Date/Time of run: 2018-11-13 12:22:08
Temp0: 69.8 	 Temp1: 69.575
Date/Time of run: 2018-11-13 12:22:11
Temp0: 69.8 	 Temp1: 69.575
Date/Time of run: 2018-11-13 12:22:13
Temp0: 69.8 	 Temp1: 69.6866
Date/Time of run: 2018-11-13 12:22:15
Temp0: 69.8 	 Temp1: 69.6866
Date/Time of run: 2018-11-13 12:27:07
Temp0: 69.8 	 Temp1: 69.575
Date/Time of run: 2018-11-13 12:27:09
Temp0: 69.8 	 Temp1: 69.575
Date/Time of run: 2018-11-13 12:27:10
Temp0: 69.8 	 Temp1: 69.575
Date/Time of run: 2018-11-13 12:27:12
Temp0: 69.8 	 Temp1: 69.575
Date/Time of run: 2018-11-13 12:27:14
Temp0: 69.8 	 Temp1: 69.575
Date/Time of run: 2018-11-13 12:32:07
Temp0: 68.3366 	 Temp1: 68.1116
Date/Time of run: 2018-11-13 12:32:09
Temp0: 68.3366 	 Temp1: 68.1116
Date/Time of run: 2018-11-13 12:32:10
Temp0: 68.225 	 Temp1: 68.0
Date/Time of run: 2018-11-13 12:32:12
Temp0: 68.225 	 Temp1: 68.0
Date/Time of run: 2018-11-13 12:32:14
Temp0: 68.225 	 Temp1: 68.0
Date/Time of run: 2018-11-13 12:37:07
Temp0: 67.55 	 Temp1: 67.4366
Date/Time of run: 2018-11-13 12:37:09
Temp0: 67.6616 	 Temp1: 67.325
Date/Time of run: 2018-11-13 12:37:10
Temp0: 67.6616 	 Temp1: 67.4366
Date/Time of run: 2018-11-13 12:37:12
Temp0: 67.6616 	 Temp1: 67.4366
Date/Time of run: 2018-11-13 12:37:14
Temp0: 67.6616 	 Temp1: 67.4366
Date/Time of run: 2018-11-13 12:42:07
Temp0: 67.1 	 Temp1: 66.875
Date/Time of run: 2018-11-13 12:42:09
Temp0: 67.2116 	 Temp1: 66.875
Date/Time of run: 2018-11-13 12:42:11
Temp0: 67.1 	 Temp1: 66.875
Date/Time of run: 2018-11-13 12:42:12
Temp0: 67.1 	 Temp1: 66.875
Date/Time of run: 2018-11-13 12:42:14
Temp0: 67.1 	 Temp1: 66.875
Date/Time of run: 2018-11-13 12:47:07
Temp0: 66.65 	 Temp1: 66.5366
Date/Time of run: 2018-11-13 12:47:09
Temp0: 66.65 	 Temp1: 66.5366
Date/Time of run: 2018-11-13 12:47:10
Temp0: 66.65 	 Temp1: 66.5366
Date/Time of run: 2018-11-13 12:47:12
Temp0: 66.65 	 Temp1: 66.5366
Date/Time of run: 2018-11-13 12:47:14
Temp0: 66.65 	 Temp1: 66.5366
Date/Time of run: 2018-11-13 12:52:07
Temp0: 67.4366 	 Temp1: 67.2116
Date/Time of run: 2018-11-13 12:52:09
Temp0: 67.4366 	 Temp1: 67.325
Date/Time of run: 2018-11-13 12:52:11
Temp0: 67.4366 	 Temp1: 67.325
Date/Time of run: 2018-11-13 12:52:12
Temp0: 67.4366 	 Temp1: 67.325
Date/Time of run: 2018-11-13 12:52:14
Temp0: 67.4366 	 Temp1: 67.325
Date/Time of run: 2018-11-13 12:57:07
Temp0: 68.5616 	 Temp1: 68.675
Date/Time of run: 2018-11-13 12:57:09
Temp0: 68.5616 	 Temp1: 68.675
Date/Time of run: 2018-11-13 12:57:11
Temp0: 68.675 	 Temp1: 68.675
Date/Time of run: 2018-11-13 12:57:12
Temp0: 68.675 	 Temp1: 68.675
Date/Time of run: 2018-11-13 12:57:14
Temp0: 68.675 	 Temp1: 68.675
Date/Time of run: 2018-11-13 13:02:07
Temp0: 69.125 	 Temp1: 69.125
Date/Time of run: 2018-11-13 13:02:09
Temp0: 69.125 	 Temp1: 69.125
Date/Time of run: 2018-11-13 13:02:11
Temp0: 69.125 	 Temp1: 69.125
Date/Time of run: 2018-11-13 13:02:12
Temp0: 69.125 	 Temp1: 69.125
Date/Time of run: 2018-11-13 13:02:14
Temp0: 69.125 	 Temp1: 69.125
Date/Time of run: 2018-11-13 13:07:06
Temp0: 69.35 	 Temp1: 69.35
Date/Time of run: 2018-11-13 13:07:08
Temp0: 69.35 	 Temp1: 69.35
Date/Time of run: 2018-11-13 13:07:10
Temp0: 69.35 	 Temp1: 69.35
Date/Time of run: 2018-11-13 13:07:13
Temp0: 69.4616 	 Temp1: 69.4616
Date/Time of run: 2018-11-13 13:07:14
Temp0: 69.4616 	 Temp1: 69.35
Date/Time of run: 2018-11-13 13:12:07
Temp0: 69.4616 	 Temp1: 70.8116
Date/Time of run: 2018-11-13 13:12:09
Temp0: 69.575 	 Temp1: 70.8116
Date/Time of run: 2018-11-13 13:12:11
Temp0: 69.575 	 Temp1: 70.8116
Date/Time of run: 2018-11-13 13:12:12
Temp0: 69.575 	 Temp1: 70.8116
Date/Time of run: 2018-11-13 13:12:14
Temp0: 69.575 	 Temp1: 70.8116
Date/Time of run: 2018-11-13 13:17:06
Temp0: 69.6866 	 Temp1: 71.0366
Date/Time of run: 2018-11-13 13:17:08
Temp0: 69.8 	 Temp1: 71.0366
Date/Time of run: 2018-11-13 13:17:10
Temp0: 69.6866 	 Temp1: 71.0366
Date/Time of run: 2018-11-13 13:17:12
Temp0: 69.8 	 Temp1: 71.0366
Date/Time of run: 2018-11-13 13:17:13
Temp0: 69.8 	 Temp1: 71.0366
Date/Time of run: 2018-11-13 13:22:07
Temp0: 69.9116 	 Temp1: 71.2616
Date/Time of run: 2018-11-13 13:22:09
Temp0: 69.9116 	 Temp1: 71.2616
Date/Time of run: 2018-11-13 13:22:11
Temp0: 69.9116 	 Temp1: 71.2616
Date/Time of run: 2018-11-13 13:22:13
Temp0: 70.025 	 Temp1: 71.2616
Date/Time of run: 2018-11-13 13:22:15
Temp0: 70.025 	 Temp1: 71.2616
Date/Time of run: 2018-11-13 13:27:06
Temp0: 70.25 	 Temp1: 71.375
Date/Time of run: 2018-11-13 13:27:08
Temp0: 70.3616 	 Temp1: 71.375
Date/Time of run: 2018-11-13 13:27:10
Temp0: 70.3616 	 Temp1: 71.375
Date/Time of run: 2018-11-13 13:27:12
Temp0: 70.3616 	 Temp1: 71.375
Date/Time of run: 2018-11-13 13:27:13
Temp0: 70.3616 	 Temp1: 71.375
Date/Time of run: 2018-11-13 13:32:06
Temp0: 68.7866 	 Temp1: 71.4866
Date/Time of run: 2018-11-13 13:32:08
Temp0: 68.7866 	 Temp1: 71.4866
Date/Time of run: 2018-11-13 13:32:10
Temp0: 68.7866 	 Temp1: 71.4866
Date/Time of run: 2018-11-13 13:32:11
Temp0: 68.7866 	 Temp1: 71.4866
Date/Time of run: 2018-11-13 13:32:13
Temp0: 68.9 	 Temp1: 71.4866
Date/Time of run: 2018-11-13 13:37:07
Temp0: 67.6616 	 Temp1: 71.15
Date/Time of run: 2018-11-13 13:37:09
Temp0: 67.6616 	 Temp1: 71.15
Date/Time of run: 2018-11-13 13:37:11
Temp0: 67.6616 	 Temp1: 71.15
Date/Time of run: 2018-11-13 13:37:12
Temp0: 67.6616 	 Temp1: 71.15
Date/Time of run: 2018-11-13 13:37:14
Temp0: 67.775 	 Temp1: 71.15
Date/Time of run: 2018-11-13 13:42:06
Temp0: 67.2116 	 Temp1: 70.8116
Date/Time of run: 2018-11-13 13:42:08
Temp0: 67.2116 	 Temp1: 70.8116
Date/Time of run: 2018-11-13 13:42:10
Temp0: 67.1 	 Temp1: 70.8116
Date/Time of run: 2018-11-13 13:42:12
Temp0: 67.2116 	 Temp1: 70.8116
Date/Time of run: 2018-11-13 13:42:13
Temp0: 67.2116 	 Temp1: 70.8116
Date/Time of run: 2018-11-13 13:47:06
Temp0: 67.775 	 Temp1: 70.7
Date/Time of run: 2018-11-13 13:47:08
Temp0: 67.775 	 Temp1: 70.7
Date/Time of run: 2018-11-13 13:47:10
Temp0: 67.775 	 Temp1: 70.7
Date/Time of run: 2018-11-13 13:47:12
Temp0: 67.775 	 Temp1: 70.7
Date/Time of run: 2018-11-13 13:47:14
Temp0: 67.775 	 Temp1: 70.7
Date/Time of run: 2018-11-13 13:52:06
Temp0: 68.675 	 Temp1: 70.8116
Date/Time of run: 2018-11-13 13:52:08
Temp0: 68.675 	 Temp1: 70.8116
Date/Time of run: 2018-11-13 13:52:10
Temp0: 68.675 	 Temp1: 70.8116
Date/Time of run: 2018-11-13 13:52:12
Temp0: 68.7866 	 Temp1: 70.925
Date/Time of run: 2018-11-13 13:52:13
Temp0: 68.7866 	 Temp1: 70.925
Date/Time of run: 2018-11-13 13:55:58
Temp0: 69.35 	 Temp1: 71.0366
Date/Time of run: 2018-11-13 13:55:59
Temp0: 69.4616 	 Temp1: 71.0366
Date/Time of run: 2018-11-13 13:56:01
Temp0: 69.4616 	 Temp1: 71.15
Date/Time of run: 2018-11-13 13:56:03
Temp0: 69.4616 	 Temp1: 71.15
Date/Time of run: 2018-11-13 13:56:05
Temp0: 69.4616 	 Temp1: 71.15
Date/Time of run: 2018-11-13 13:56:45
Temp0: 69.575 	 Temp1: 71.15
Date/Time of run: 2018-11-13 13:56:47
Temp0: 69.575 	 Temp1: 71.15
Date/Time of run: 2018-11-13 13:56:49
Temp0: 69.575 	 Temp1: 71.15
Date/Time of run: 2018-11-13 13:56:51
Temp0: 69.6866 	 Temp1: 71.15
Date/Time of run: 2018-11-13 13:56:53
Temp0: 69.6866 	 Temp1: 71.2616
Date/Time of run: 2018-11-13 13:57:06
Temp0: 69.6866 	 Temp1: 71.15
Date/Time of run: 2018-11-13 13:57:09
Temp0: 69.6866 	 Temp1: 71.15
Date/Time of run: 2018-11-13 13:57:11
Temp0: 69.6866 	 Temp1: 71.15
Date/Time of run: 2018-11-13 13:57:13
Temp0: 69.6866 	 Temp1: 71.2616
Date/Time of run: 2018-11-13 13:57:14
Temp0: 69.6866 	 Temp1: 71.2616
Date/Time of run: 2018-11-13 13:57:34
Temp0: 69.6866 	 Temp1: 71.15
Date/Time of run: 2018-11-13 13:57:36
Temp0: 69.6866 	 Temp1: 71.15
Date/Time of run: 2018-11-13 13:57:38
Temp0: 69.6866 	 Temp1: 71.2616
Date/Time of run: 2018-11-13 13:57:40
Temp0: 69.6866 	 Temp1: 71.2616
Date/Time of run: 2018-11-13 13:57:42
Temp0: 69.6866 	 Temp1: 71.2616
Date/Time of run: 2018-11-13 13:58:46
Temp0: 69.6866 	 Temp1: 71.2616
Date/Time of run: 2018-11-13 13:58:47
Temp0: 69.8 	 Temp1: 71.2616
Date/Time of run: 2018-11-13 13:58:50
Temp0: 69.8 	 Temp1: 71.2616
Date/Time of run: 2018-11-13 13:58:52
Temp0: 69.8 	 Temp1: 71.375
Date/Time of run: 2018-11-13 13:58:54
Temp0: 69.8 	 Temp1: 71.375
Date/Time of run: 2018-11-13 13:59:11
Temp0: 69.8 	 Temp1: 71.2616
Date/Time of run: 2018-11-13 13:59:13
Temp0: 69.8 	 Temp1: 71.375
Date/Time of run: 2018-11-13 13:59:14
Temp0: 69.8 	 Temp1: 71.2616
Date/Time of run: 2018-11-13 13:59:16
Temp0: 69.9116 	 Temp1: 71.2616
Date/Time of run: 2018-11-13 13:59:18
Temp0: 69.9116 	 Temp1: 71.375
Date/Time of run: 2018-11-13 14:02:06
Temp0: 70.025 	 Temp1: 71.4866
Date/Time of run: 2018-11-13 14:02:08
Temp0: 70.025 	 Temp1: 71.4866
Date/Time of run: 2018-11-13 14:02:11
Temp0: 70.025 	 Temp1: 71.4866
Date/Time of run: 2018-11-13 14:02:13
Temp0: 70.025 	 Temp1: 71.4866
Date/Time of run: 2018-11-13 14:02:15
Temp0: 70.025 	 Temp1: 71.4866
Date/Time of run: 2018-11-13 14:03:23
Temp0: 70.025 	 Temp1: 71.4866
Date/Time of run: 2018-11-13 14:03:25
Temp0: 70.1366 	 Temp1: 71.6
Date/Time of run: 2018-11-13 14:03:27
Temp0: 70.025 	 Temp1: 71.6
Date/Time of run: 2018-11-13 14:03:30
Temp0: 70.1366 	 Temp1: 71.6
Date/Time of run: 2018-11-13 14:03:31
Temp0: 70.1366 	 Temp1: 71.6
Date/Time of run: 2018-11-13 14:03:50
Temp0: 70.1366 	 Temp1: 71.6
Date/Time of run: 2018-11-13 14:03:53
Temp0: 70.1366 	 Temp1: 71.6
Date/Time of run: 2018-11-13 14:03:55
Temp0: 70.1366 	 Temp1: 71.6
Date/Time of run: 2018-11-13 14:03:57
Temp0: 70.1366 	 Temp1: 71.6
Date/Time of run: 2018-11-13 14:03:58
Temp0: 70.1366 	 Temp1: 71.6
Date/Time of run: 2018-11-13 14:07:06
Temp0: 70.1366 	 Temp1: 71.7116
Date/Time of run: 2018-11-13 14:07:08
Temp0: 70.1366 	 Temp1: 71.7116
Date/Time of run: 2018-11-13 14:07:10
Temp0: 70.25 	 Temp1: 71.7116
Date/Time of run: 2018-11-13 14:07:12
Temp0: 70.25 	 Temp1: 71.7116
Date/Time of run: 2018-11-13 14:07:14
Temp0: 70.25 	 Temp1: 71.825
Date/Time of run: 2018-11-13 14:12:06
Temp0: 70.3616 	 Temp1: 71.9366
Date/Time of run: 2018-11-13 14:12:09
Temp0: 70.475 	 Temp1: 71.9366
Date/Time of run: 2018-11-13 14:12:11
Temp0: 70.475 	 Temp1: 72.05
Date/Time of run: 2018-11-13 14:12:13
Temp0: 70.475 	 Temp1: 72.05
Date/Time of run: 2018-11-13 14:12:14
Temp0: 70.475 	 Temp1: 72.05
Date/Time of run: 2018-11-13 14:15:22
Temp0: 70.3616 	 Temp1: 72.05
Date/Time of run: 2018-11-13 14:15:24
Temp0: 70.3616 	 Temp1: 72.1616
Date/Time of run: 2018-11-13 14:15:26
Temp0: 70.25 	 Temp1: 72.1616
Date/Time of run: 2018-11-13 14:15:27
Temp0: 70.25 	 Temp1: 72.1616
Date/Time of run: 2018-11-13 14:15:29
Temp0: 70.25 	 Temp1: 72.1616
Date/Time of run: 2018-11-13 14:17:07
Temp0: 69.4616 	 Temp1: 72.1616
Date/Time of run: 2018-11-13 14:17:08
Temp0: 69.35 	 Temp1: 72.1616
Date/Time of run: 2018-11-13 14:17:10
Temp0: 69.35 	 Temp1: 72.1616
Date/Time of run: 2018-11-13 14:17:13
Temp0: 69.35 	 Temp1: 72.1616
Date/Time of run: 2018-11-13 14:17:15
Temp0: 69.2366 	 Temp1: 72.1616
Date/Time of run: 2018-11-13 14:22:07
Temp0: 67.8866 	 Temp1: 71.9366
Date/Time of run: 2018-11-13 14:22:08
Temp0: 67.8866 	 Temp1: 71.9366
Date/Time of run: 2018-11-13 14:22:10
Temp0: 67.8866 	 Temp1: 71.9366
Date/Time of run: 2018-11-13 14:22:12
Temp0: 67.8866 	 Temp1: 71.9366
Date/Time of run: 2018-11-13 14:22:14
Temp0: 67.8866 	 Temp1: 71.9366
Date/Time of run: 2018-11-13 14:27:07
Temp0: 67.55 	 Temp1: 71.6
Date/Time of run: 2018-11-13 14:27:08
Temp0: 67.55 	 Temp1: 71.6
Date/Time of run: 2018-11-13 14:27:10
Temp0: 67.55 	 Temp1: 71.6
Date/Time of run: 2018-11-13 14:27:12
Temp0: 67.55 	 Temp1: 71.7116
Date/Time of run: 2018-11-13 14:27:14
Temp0: 67.55 	 Temp1: 71.7116
Date/Time of run: 2018-11-13 14:32:07
Temp0: 67.1 	 Temp1: 71.375
Date/Time of run: 2018-11-13 14:32:08
Temp0: 67.1 	 Temp1: 71.375
Date/Time of run: 2018-11-13 14:32:11
Temp0: 66.9866 	 Temp1: 71.375
Date/Time of run: 2018-11-13 14:32:13
Temp0: 66.9866 	 Temp1: 71.375
Date/Time of run: 2018-11-13 14:32:15
Temp0: 66.9866 	 Temp1: 71.375
Date/Time of run: 2018-11-13 14:34:48
Temp0: 66.7616 	 Temp1: 71.15
Date/Time of run: 2018-11-13 14:34:50
Temp0: 66.7616 	 Temp1: 71.2616
Date/Time of run: 2018-11-13 14:34:52
Temp0: 66.7616 	 Temp1: 71.2616
Date/Time of run: 2018-11-13 14:34:54
Temp0: 66.7616 	 Temp1: 71.2616
Date/Time of run: 2018-11-13 14:34:55
Temp0: 66.875 	 Temp1: 71.2616
Date/Time of run: 2018-11-13 14:35:22
Temp0: 66.7616 	 Temp1: 71.2616
Date/Time of run: 2018-11-13 14:35:25
Temp0: 66.7616 	 Temp1: 71.2616
Date/Time of run: 2018-11-13 14:35:26
Temp0: 66.7616 	 Temp1: 71.2616
Date/Time of run: 2018-11-13 14:35:28
Temp0: 66.7616 	 Temp1: 71.2616
Date/Time of run: 2018-11-13 14:35:30
Temp0: 66.7616 	 Temp1: 71.2616
Date/Time of run: 2018-11-13 14:35:59
Temp0: 66.7616 	 Temp1: 71.15
Date/Time of run: 2018-11-13 14:36:01
Temp0: 66.7616 	 Temp1: 71.15
Date/Time of run: 2018-11-13 14:36:03
Temp0: 66.7616 	 Temp1: 71.2616
Date/Time of run: 2018-11-13 14:36:05
Temp0: 66.7616 	 Temp1: 71.15
Date/Time of run: 2018-11-13 14:36:06
Temp0: 66.7616 	 Temp1: 71.2616
Date/Time of run: 2018-11-13 14:37:07
Temp0: 66.7616 	 Temp1: 71.15
Date/Time of run: 2018-11-13 14:37:09
Temp0: 66.7616 	 Temp1: 71.15
Date/Time of run: 2018-11-13 14:37:11
Temp0: 66.7616 	 Temp1: 71.15
Date/Time of run: 2018-11-13 14:37:13
Temp0: 66.7616 	 Temp1: 71.15
Date/Time of run: 2018-11-13 14:37:14
Temp0: 66.7616 	 Temp1: 71.15
Date/Time of run: 2018-11-13 14:42:08
Temp0: 67.775 	 Temp1: 70.925
Date/Time of run: 2018-11-13 14:42:09
Temp0: 67.775 	 Temp1: 71.0366
Date/Time of run: 2018-11-13 14:42:11
Temp0: 67.775 	 Temp1: 71.0366
Date/Time of run: 2018-11-13 14:42:13
Temp0: 67.775 	 Temp1: 71.0366
Date/Time of run: 2018-11-13 14:42:15
Temp0: 67.775 	 Temp1: 71.0366
Date/Time of run: 2018-11-13 14:47:07
Temp0: 69.0116 	 ***ALERT*** Temp1: 80.9366
Date/Time of run: 2018-11-13 14:47:09
Temp0: 69.0116 	 ***ALERT*** Temp1: 80.9366
Date/Time of run: 2018-11-13 14:47:11
Temp0: 69.0116 	 ***ALERT*** Temp1: 80.9366
Date/Time of run: 2018-11-13 14:47:12
Temp0: 69.0116 	 ***ALERT*** Temp1: 80.9366
Date/Time of run: 2018-11-13 14:47:14
Temp0: 69.0116 	 ***ALERT*** Temp1: 80.9366
Date/Time of run: 2018-11-13 14:50:45
Temp0: 69.4616 	 ***ALERT*** Temp1: 81.3866
Date/Time of run: 2018-11-13 14:50:47
Temp0: 69.4616 	 ***ALERT*** Temp1: 81.3866
Date/Time of run: 2018-11-13 14:50:48
Temp0: 69.4616 	 ***ALERT*** Temp1: 81.3866
Date/Time of run: 2018-11-13 14:50:50
Temp0: 69.4616 	 ***ALERT*** Temp1: 81.3866
Date/Time of run: 2018-11-13 14:50:52
Temp0: 69.4616 	 ***ALERT*** Temp1: 81.5
Date/Time of run: 2018-11-13 14:52:07
Temp0: 69.4616 	 ***ALERT*** Temp1: 81.6116
Date/Time of run: 2018-11-13 14:52:09
Temp0: 69.575 	 ***ALERT*** Temp1: 81.6116
Date/Time of run: 2018-11-13 14:52:10
Temp0: 69.575 	 ***ALERT*** Temp1: 81.725
Date/Time of run: 2018-11-13 14:52:12
Temp0: 69.575 	 ***ALERT*** Temp1: 81.6116
Date/Time of run: 2018-11-13 14:52:14
Temp0: 69.575 	 ***ALERT*** Temp1: 81.725
Date/Time of run: 2018-11-13 14:52:40
Temp0: 69.575 	 ***ALERT*** Temp1: 81.725
Date/Time of run: 2018-11-13 14:52:42
Temp0: 69.575 	 ***ALERT*** Temp1: 81.8366
Date/Time of run: 2018-11-13 14:52:44
Temp0: 69.575 	 ***ALERT*** Temp1: 81.8366
Date/Time of run: 2018-11-13 14:52:45
Temp0: 69.575 	 ***ALERT*** Temp1: 81.8366
Date/Time of run: 2018-11-13 14:52:47
Temp0: 69.6866 	 ***ALERT*** Temp1: 81.8366
Date/Time of run: 2018-11-13 14:54:25
Temp0: 69.6866 	 ***ALERT*** Temp1: 81.95
Date/Time of run: 2018-11-13 14:54:26
Temp0: 69.6866 	 ***ALERT*** Temp1: 81.95
Date/Time of run: 2018-11-13 14:54:28
Temp0: 69.6866 	 ***ALERT*** Temp1: 81.95
Date/Time of run: 2018-11-13 14:54:30
Temp0: 69.8 	 ***ALERT*** Temp1: 82.0616
Date/Time of run: 2018-11-13 14:54:32
Temp0: 69.6866 	 ***ALERT*** Temp1: 82.0616
Date/Time of run: 2018-11-13 14:56:08
Temp0: 69.6866 	 ***ALERT*** Temp1: 81.95
Date/Time of run: 2018-11-13 14:56:10
Temp0: 69.8 	 ***ALERT*** Temp1: 81.95
Date/Time of run: 2018-11-13 14:56:11
Temp0: 69.8 	 ***ALERT*** Temp1: 82.0616
Date/Time of run: 2018-11-13 14:56:13
Temp0: 69.8 	 ***ALERT*** Temp1: 82.0616
Date/Time of run: 2018-11-13 14:56:15
Temp0: 69.8 	 ***ALERT*** Temp1: 82.0616
Date/Time of run: 2018-11-13 14:57:07
Temp0: 69.8 	 ***ALERT*** Temp1: 82.0616
Date/Time of run: 2018-11-13 14:57:09
Temp0: 69.8 	 ***ALERT*** Temp1: 82.175
Date/Time of run: 2018-11-13 14:57:10
Temp0: 69.8 	 ***ALERT*** Temp1: 82.175
Date/Time of run: 2018-11-13 14:57:12
Temp0: 69.8 	 ***ALERT*** Temp1: 82.175
Date/Time of run: 2018-11-13 14:57:14
Temp0: 69.8 	 ***ALERT*** Temp1: 82.175
Date/Time of run: 2018-11-13 14:58:19
Temp0: 69.8 	 ***ALERT*** Temp1: 82.175
Date/Time of run: 2018-11-13 14:58:21
Temp0: 69.8 	 ***ALERT*** Temp1: 82.175
Date/Time of run: 2018-11-13 14:58:23
Temp0: 69.8 	 ***ALERT*** Temp1: 82.2866
Date/Time of run: 2018-11-13 14:58:25
Temp0: 69.8 	 ***ALERT*** Temp1: 82.2866
Date/Time of run: 2018-11-13 14:58:27
Temp0: 69.9116 	 ***ALERT*** Temp1: 82.2866
Date/Time of run: 2018-11-13 15:00:46
Temp0: 69.9116 	 ***ALERT*** Temp1: 82.4
Date/Time of run: 2018-11-13 15:00:48
Temp0: 69.9116 	 ***ALERT*** Temp1: 82.4
Date/Time of run: 2018-11-13 15:00:50
Temp0: 69.9116 	 ***ALERT*** Temp1: 82.4
Date/Time of run: 2018-11-13 15:00:51
Temp0: 69.9116 	 ***ALERT*** Temp1: 82.4
Date/Time of run: 2018-11-13 15:00:54
Temp0: 69.9116 	 ***ALERT*** Temp1: 82.4
Date/Time of run: 2018-11-13 15:02:07
Temp0: 69.8 	 ***ALERT*** Temp1: 82.5116
Date/Time of run: 2018-11-13 15:02:09
Temp0: 69.9116 	 ***ALERT*** Temp1: 82.5116
Date/Time of run: 2018-11-13 15:02:10
Temp0: 69.9116 	 ***ALERT*** Temp1: 82.5116
Date/Time of run: 2018-11-13 15:02:12
Temp0: 69.9116 	 ***ALERT*** Temp1: 82.5116
Date/Time of run: 2018-11-13 15:02:14
Temp0: 69.9116 	 ***ALERT*** Temp1: 82.5116
Date/Time of run: 2018-11-13 15:02:42
Temp0: 69.9116 	 ***ALERT*** Temp1: 80.2616
Date/Time of run: 2018-11-13 15:02:45
Temp0: 69.9116 	 ***ALERT*** Temp1: 80.0366
Date/Time of run: 2018-11-13 15:02:46
Temp0: 69.9116 	 Temp1: 79.8116
Date/Time of run: 2018-11-13 15:02:48
Temp0: 69.9116 	 Temp1: 79.7
Date/Time of run: 2018-11-13 15:02:50
Temp0: 69.9116 	 Temp1: 79.475
Date/Time of run: 2018-11-13 15:07:07
***ALERT*** Temp0: 82.4 	 Temp1: 79.1366
Date/Time of run: 2018-11-13 15:07:09
***ALERT*** Temp0: 82.5116 	 Temp1: 79.25
Date/Time of run: 2018-11-13 15:07:10
***ALERT*** Temp0: 82.5116 	 Temp1: 79.25
Date/Time of run: 2018-11-13 15:07:12
***ALERT*** Temp0: 82.5116 	 Temp1: 79.3616
Date/Time of run: 2018-11-13 15:07:14
***ALERT*** Temp0: 82.625 	 Temp1: 79.3616
Date/Time of run: 2018-11-13 15:12:07
******ALERT******
Temp0: 84.0866 	 Temp1: 81.1616
Date/Time of run: 2018-11-13 15:12:09
******ALERT******
Temp0: 84.0866 	 Temp1: 81.1616
Date/Time of run: 2018-11-13 15:12:10
******ALERT******
Temp0: 84.0866 	 Temp1: 81.1616
Date/Time of run: 2018-11-13 15:12:12
******ALERT******
Temp0: 84.0866 	 Temp1: 81.1616
Date/Time of run: 2018-11-13 15:12:14
******ALERT******
Temp0: 84.0866 	 Temp1: 81.1616
Date/Time of run: 2018-11-13 15:13:33
******ALERT******
Temp0: 84.0866 	 Temp1: 81.275
Date/Time of run: 2018-11-13 15:13:35
******ALERT******
Temp0: 84.0866 	 Temp1: 81.275
Date/Time of run: 2018-11-13 15:13:36
******ALERT******
Temp0: 84.0866 	 Temp1: 81.275
Date/Time of run: 2018-11-13 15:13:38
******ALERT******
Temp0: 84.2 	 Temp1: 81.275
Date/Time of run: 2018-11-13 15:13:40
******ALERT******
Temp0: 84.2 	 Temp1: 81.275
Date/Time of run: 2018-11-13 15:14:01
******ALERT******
Temp0: 84.0866 	 Temp1: 81.275
Date/Time of run: 2018-11-13 15:14:03
******ALERT******
Temp0: 84.2 	 Temp1: 81.275
Date/Time of run: 2018-11-13 15:14:05
******ALERT******
Temp0: 84.2 	 Temp1: 81.3866
Date/Time of run: 2018-11-13 15:14:07
******ALERT******
Temp0: 84.2 	 Temp1: 81.3866
Date/Time of run: 2018-11-13 15:14:08
******ALERT******
Temp0: 84.2 	 Temp1: 81.3866
Date/Time of run: 2018-11-13 15:15:08
******ALERT******
Temp0: 84.0866 	 Temp1: 81.3866
Date/Time of run: 2018-11-13 15:15:10
******ALERT******
Temp0: 84.2 	 Temp1: 81.3866
Date/Time of run: 2018-11-13 15:15:12
******ALERT******
Temp0: 84.2 	 Temp1: 81.3866
Date/Time of run: 2018-11-13 15:15:14
******ALERT******
Temp0: 84.2 	 Temp1: 81.3866
Date/Time of run: 2018-11-13 15:15:15
******ALERT******
Temp0: 84.2 	 Temp1: 81.3866
Date/Time of run: 2018-11-13 15:17:07
******ALERT******
Temp0: 84.2 	 Temp1: 81.275
Date/Time of run: 2018-11-13 15:17:09
******ALERT******
Temp0: 84.2 	 Temp1: 81.3866
Date/Time of run: 2018-11-13 15:17:11
******ALERT******
Temp0: 84.2 	 Temp1: 81.3866
Date/Time of run: 2018-11-13 15:17:12
******ALERT******
Temp0: 84.2 	 Temp1: 81.3866
Date/Time of run: 2018-11-13 15:17:14
******ALERT******
Temp0: 84.3116 	 Temp1: 81.3866
******ALERT******
Temp0: 84.2 	 Temp1: 81.275
Date/Time of run: 2018-11-13 15:21:24
******ALERT******
Temp0: 84.3116 	 Temp1: 81.5
Date/Time of run: 2018-11-13 15:22:14
******ALERT******
Temp0: 84.3116 	 Temp1: 81.5
Date/Time of run: 2018-11-13 15:27:14
Temp0: 72.8366 	 Temp1: 72.05
Date/Time of run: 2018-11-13 15:32:14
Temp0: 69.2366 	 Temp1: 69.2366
Date/Time of run: 2018-11-13 15:37:14
Temp0: 67.8866 	 Temp1: 67.775
Date/Time of run: 2018-11-13 15:42:14
Temp0: 67.325 	 Temp1: 67.2116
Date/Time of run: 2018-11-13 15:47:14
Temp0: 67.2116 	 Temp1: 66.9866
Date/Time of run: 2018-11-13 15:52:15
Temp0: 66.875 	 Temp1: 66.7616
Date/Time of run: 2018-11-13 15:57:13
Temp0: 67.2116 	 Temp1: 67.2116
Date/Time of run: 2018-11-13 16:02:13
Temp0: 67.775 	 Temp1: 68.1116
Date/Time of run: 2018-11-13 16:07:13
Temp0: 68.1116 	 Temp1: 68.675
Date/Time of run: 2018-11-13 16:12:13
Temp0: 68.45 	 Temp1: 68.9
Date/Time of run: 2018-11-13 16:17:14
Temp0: 68.5616 	 Temp1: 69.125
Date/Time of run: 2018-11-13 16:22:13
Temp0: 68.675 	 Temp1: 69.2366
Date/Time of run: 2018-11-13 16:27:13
Temp0: 68.675 	 Temp1: 69.2366
Date/Time of run: 2018-11-13 16:32:14
Temp0: 68.7866 	 Temp1: 69.4616
Date/Time of run: 2018-11-13 16:37:14
Temp0: 68.7866 	 Temp1: 69.4616
Date/Time of run: 2018-11-13 16:42:14
Temp0: 68.7866 	 Temp1: 69.4616
Date/Time of run: 2018-11-13 16:47:14
Temp0: 69.0116 	 Temp1: 69.575
Date/Time of run: 2018-11-13 16:52:14
Temp0: 69.0116 	 Temp1: 69.6866
Date/Time of run: 2018-11-13 16:57:14
Temp0: 69.0116 	 Temp1: 69.575
Date/Time of run: 2018-11-13 17:02:14
Temp0: 68.5616 	 Temp1: 68.675
Date/Time of run: 2018-11-13 17:07:14
Temp0: 67.775 	 Temp1: 67.6616
Date/Time of run: 2018-11-13 17:12:14
Temp0: 67.325 	 Temp1: 67.2116
Date/Time of run: 2018-11-13 17:17:14
Temp0: 66.65 	 Temp1: 66.5366
Date/Time of run: 2018-11-13 17:22:14
Temp0: 66.425 	 Temp1: 66.2
Date/Time of run: 2018-11-13 17:27:14
Temp0: 66.875 	 Temp1: 67.1
Date/Time of run: 2018-11-13 17:32:14
Temp0: 67.4366 	 Temp1: 67.8866
Date/Time of run: 2018-11-13 17:37:14
Temp0: 67.6616 	 Temp1: 68.1116
Date/Time of run: 2018-11-13 17:42:14
Temp0: 67.775 	 Temp1: 68.225
Date/Time of run: 2018-11-13 17:47:14
Temp0: 67.8866 	 Temp1: 68.3366
Date/Time of run: 2018-11-13 17:52:15
Temp0: 68.0 	 Temp1: 68.45
Date/Time of run: 2018-11-13 17:57:14
Temp0: 68.0 	 Temp1: 68.45
Date/Time of run: 2018-11-13 18:02:15
Temp0: 68.0 	 Temp1: 68.45
Date/Time of run: 2018-11-13 18:07:14
Temp0: 68.0 	 Temp1: 68.45
Date/Time of run: 2018-11-13 18:12:14
Temp0: 68.0 	 Temp1: 68.45
Date/Time of run: 2018-11-13 18:17:14
Temp0: 68.0 	 Temp1: 68.5616
Date/Time of run: 2018-11-13 18:22:14
Temp0: 68.0 	 Temp1: 68.5616
Date/Time of run: 2018-11-13 18:27:13
Temp0: 68.1116 	 Temp1: 68.5616
Date/Time of run: 2018-11-13 18:32:16
Temp0: 68.0 	 Temp1: 68.5616
Date/Time of run: 2018-11-13 18:37:13
Temp0: 68.1116 	 Temp1: 68.675
Date/Time of run: 2018-11-13 18:42:13
Temp0: 68.1116 	 Temp1: 68.675
Date/Time of run: 2018-11-13 18:47:13
Temp0: 68.1116 	 Temp1: 68.675
Date/Time of run: 2018-11-13 18:52:13
Temp0: 68.0 	 Temp1: 68.3366
Date/Time of run: 2018-11-13 18:57:13
Temp0: 67.775 	 Temp1: 68.1116
Date/Time of run: 2018-11-13 19:02:13
Temp0: 67.6616 	 Temp1: 68.1116
Date/Time of run: 2018-11-13 19:07:13
Temp0: 67.55 	 Temp1: 68.0
Date/Time of run: 2018-11-13 19:12:13
Temp0: 67.55 	 Temp1: 68.0
Date/Time of run: 2018-11-13 19:17:15
Temp0: 67.775 	 Temp1: 68.3366
Date/Time of run: 2018-11-13 19:22:13
Temp0: 68.0 	 Temp1: 68.45
Date/Time of run: 2018-11-13 19:27:13
Temp0: 68.0 	 Temp1: 68.5616
Date/Time of run: 2018-11-13 19:32:14
Temp0: 67.775 	 Temp1: 68.1116
Date/Time of run: 2018-11-13 19:37:14
Temp0: 67.6616 	 Temp1: 68.0
Date/Time of run: 2018-11-13 19:42:15
Temp0: 67.6616 	 Temp1: 68.0
Date/Time of run: 2018-11-13 19:47:14
Temp0: 67.55 	 Temp1: 68.0
Date/Time of run: 2018-11-13 19:52:14
Temp0: 67.775 	 Temp1: 68.225
Date/Time of run: 2018-11-13 19:57:14
Temp0: 67.775 	 Temp1: 68.225
Date/Time of run: 2018-11-13 20:02:14
Temp0: 67.775 	 Temp1: 68.225
Date/Time of run: 2018-11-13 20:07:15
Temp0: 67.55 	 Temp1: 68.0
Date/Time of run: 2018-11-13 20:12:15
Temp0: 67.4366 	 Temp1: 67.8866
Date/Time of run: 2018-11-13 20:17:14
Temp0: 67.4366 	 Temp1: 67.8866
Date/Time of run: 2018-11-13 20:22:14
Temp0: 67.55 	 Temp1: 68.0
Date/Time of run: 2018-11-13 20:27:14
Temp0: 67.55 	 Temp1: 68.1116
Date/Time of run: 2018-11-13 20:32:14
Temp0: 67.55 	 Temp1: 68.0
Date/Time of run: 2018-11-13 20:37:14
Temp0: 67.4366 	 Temp1: 67.775
Date/Time of run: 2018-11-13 20:42:14
Temp0: 67.325 	 Temp1: 67.775
Date/Time of run: 2018-11-13 20:47:14
Temp0: 67.325 	 Temp1: 67.6616
Date/Time of run: 2018-11-13 20:52:14
Temp0: 67.325 	 Temp1: 67.775
Date/Time of run: 2018-11-13 20:57:14
Temp0: 67.4366 	 Temp1: 67.775
Date/Time of run: 2018-11-13 21:02:14
Temp0: 67.325 	 Temp1: 67.775
Date/Time of run: 2018-11-13 21:07:13
Temp0: 67.2116 	 Temp1: 67.6616
Date/Time of run: 2018-11-13 21:12:14
Temp0: 67.1 	 Temp1: 67.55
Date/Time of run: 2018-11-13 21:17:13
Temp0: 67.1 	 Temp1: 67.55
Date/Time of run: 2018-11-13 21:22:15
Temp0: 67.2116 	 Temp1: 67.6616
Date/Time of run: 2018-11-13 21:27:13
Temp0: 67.2116 	 Temp1: 67.55
Date/Time of run: 2018-11-13 21:32:14
Temp0: 67.1 	 Temp1: 67.325
Date/Time of run: 2018-11-13 21:37:14
Temp0: 66.9866 	 Temp1: 67.325
Date/Time of run: 2018-11-13 21:42:14
Temp0: 66.875 	 Temp1: 67.2116
Date/Time of run: 2018-11-13 21:47:13
Temp0: 66.9866 	 Temp1: 67.325
Date/Time of run: 2018-11-13 21:52:14
Temp0: 66.9866 	 Temp1: 67.325
Date/Time of run: 2018-11-13 21:57:14
Temp0: 66.875 	 Temp1: 67.2116
Date/Time of run: 2018-11-13 22:02:13
Temp0: 66.7616 	 Temp1: 67.1
Date/Time of run: 2018-11-13 22:07:14
Temp0: 66.7616 	 Temp1: 67.1
Date/Time of run: 2018-11-13 22:12:13
Temp0: 66.7616 	 Temp1: 67.2116
Date/Time of run: 2018-11-13 22:17:14
Temp0: 66.7616 	 Temp1: 67.1
Date/Time of run: 2018-11-13 22:22:14
Temp0: 66.7616 	 Temp1: 67.2116
Date/Time of run: 2018-11-13 22:27:14
Temp0: 66.65 	 Temp1: 66.9866
Date/Time of run: 2018-11-13 22:32:14
Temp0: 66.65 	 Temp1: 66.9866
Date/Time of run: 2018-11-13 22:37:14
Temp0: 66.65 	 Temp1: 67.1
Date/Time of run: 2018-11-13 22:42:14
Temp0: 66.65 	 Temp1: 67.1
Date/Time of run: 2018-11-13 22:47:14
Temp0: 66.65 	 Temp1: 66.9866
Date/Time of run: 2018-11-13 22:52:14
Temp0: 66.65 	 Temp1: 66.9866
Date/Time of run: 2018-11-13 22:57:14
Temp0: 66.5366 	 Temp1: 66.9866
Date/Time of run: 2018-11-13 23:02:14
Temp0: 66.5366 	 Temp1: 66.9866
Date/Time of run: 2018-11-13 23:07:14
Temp0: 66.65 	 Temp1: 66.875
Date/Time of run: 2018-11-13 23:12:14
Temp0: 66.65 	 Temp1: 66.875
Date/Time of run: 2018-11-13 23:17:14
Temp0: 66.65 	 Temp1: 66.9866
Date/Time of run: 2018-11-13 23:22:14
Temp0: 66.65 	 Temp1: 66.875
Date/Time of run: 2018-11-13 23:27:14
Temp0: 66.65 	 Temp1: 66.875
Date/Time of run: 2018-11-13 23:32:14
Temp0: 66.5366 	 Temp1: 66.875
Date/Time of run: 2018-11-13 23:37:14
Temp0: 66.5366 	 Temp1: 66.875
Date/Time of run: 2018-11-13 23:42:14
Temp0: 66.5366 	 Temp1: 66.875
Date/Time of run: 2018-11-13 23:47:13
Temp0: 66.5366 	 Temp1: 66.875
Date/Time of run: 2018-11-13 23:52:14
Temp0: 66.5366 	 Temp1: 66.875
Date/Time of run: 2018-11-13 23:57:13
Temp0: 66.5366 	 Temp1: 66.7616
Date/Time of run: 2018-11-14 00:02:13
Temp0: 66.5366 	 Temp1: 66.875
Date/Time of run: 2018-11-14 00:07:13
Temp0: 66.5366 	 Temp1: 66.7616
Date/Time of run: 2018-11-14 00:12:13
Temp0: 66.5366 	 Temp1: 66.875
Date/Time of run: 2018-11-14 00:17:13
Temp0: 66.5366 	 Temp1: 66.875
Date/Time of run: 2018-11-14 00:22:14
Temp0: 66.5366 	 Temp1: 66.7616
Date/Time of run: 2018-11-14 00:27:13
Temp0: 66.5366 	 Temp1: 66.7616
Date/Time of run: 2018-11-14 00:32:14
Temp0: 66.425 	 Temp1: 66.7616
Date/Time of run: 2018-11-14 00:37:14
Temp0: 66.425 	 Temp1: 66.7616
Date/Time of run: 2018-11-14 00:42:13
Temp0: 66.425 	 Temp1: 66.7616
Date/Time of run: 2018-11-14 00:47:14
Temp0: 66.425 	 Temp1: 66.7616
Date/Time of run: 2018-11-14 00:52:14
Temp0: 66.425 	 Temp1: 66.7616
Date/Time of run: 2018-11-14 00:57:15
Temp0: 66.425 	 Temp1: 66.7616
Date/Time of run: 2018-11-14 01:02:14
Temp0: 66.425 	 Temp1: 66.7616
Date/Time of run: 2018-11-14 01:07:14
Temp0: 66.425 	 Temp1: 66.65
Date/Time of run: 2018-11-14 01:12:14
Temp0: 66.425 	 Temp1: 66.65
Date/Time of run: 2018-11-14 01:17:14
Temp0: 66.3116 	 Temp1: 66.65
Date/Time of run: 2018-11-14 01:22:14
Temp0: 66.3116 	 Temp1: 66.65
Date/Time of run: 2018-11-14 01:27:14
Temp0: 66.3116 	 Temp1: 66.65
Date/Time of run: 2018-11-14 01:32:14
Temp0: 66.3116 	 Temp1: 66.65
Date/Time of run: 2018-11-14 01:37:14
Temp0: 66.3116 	 Temp1: 66.5366
Date/Time of run: 2018-11-14 01:42:14
Temp0: 66.3116 	 Temp1: 66.5366
Date/Time of run: 2018-11-14 01:47:14
Temp0: 66.3116 	 Temp1: 66.5366
Date/Time of run: 2018-11-14 01:52:14
Temp0: 66.3116 	 Temp1: 66.5366
Date/Time of run: 2018-11-14 01:57:15
Temp0: 66.2 	 Temp1: 66.5366
Date/Time of run: 2018-11-14 02:02:14
Temp0: 66.2 	 Temp1: 66.5366
Date/Time of run: 2018-11-14 02:07:14
Temp0: 66.2 	 Temp1: 66.5366
Date/Time of run: 2018-11-14 02:12:14
Temp0: 66.2 	 Temp1: 66.5366
Date/Time of run: 2018-11-14 02:17:14
Temp0: 66.2 	 Temp1: 66.425
Date/Time of run: 2018-11-14 02:22:14
Temp0: 66.2 	 Temp1: 66.425
Date/Time of run: 2018-11-14 02:27:13
Temp0: 66.2 	 Temp1: 66.425
Date/Time of run: 2018-11-14 02:32:14
Temp0: 66.2 	 Temp1: 66.425
Date/Time of run: 2018-11-14 02:37:13
Temp0: 66.0866 	 Temp1: 66.425
Date/Time of run: 2018-11-14 02:42:14
Temp0: 66.0866 	 Temp1: 66.425
Date/Time of run: 2018-11-14 02:47:13
Temp0: 66.0866 	 Temp1: 66.3116
Date/Time of run: 2018-11-14 02:52:13
Temp0: 66.0866 	 Temp1: 66.425
Date/Time of run: 2018-11-14 02:57:13
Temp0: 66.0866 	 Temp1: 66.3116
Date/Time of run: 2018-11-14 03:02:13
Temp0: 66.0866 	 Temp1: 66.3116
Date/Time of run: 2018-11-14 03:07:13
Temp0: 66.0866 	 Temp1: 66.3116
Date/Time of run: 2018-11-14 03:12:14
Temp0: 66.0866 	 Temp1: 66.3116
Date/Time of run: 2018-11-14 03:17:14
Temp0: 66.0866 	 Temp1: 66.3116
Date/Time of run: 2018-11-14 03:22:14
Temp0: 66.0866 	 Temp1: 66.3116
Date/Time of run: 2018-11-14 03:27:14
Temp0: 65.975 	 Temp1: 66.3116
Date/Time of run: 2018-11-14 03:32:13
Temp0: 65.975 	 Temp1: 66.3116
Date/Time of run: 2018-11-14 03:37:14
Temp0: 66.0866 	 Temp1: 66.3116
Date/Time of run: 2018-11-14 03:42:14
Temp0: 65.975 	 Temp1: 66.3116
Date/Time of run: 2018-11-14 03:47:14
Temp0: 65.975 	 Temp1: 66.2
Date/Time of run: 2018-11-14 03:52:14
Temp0: 66.0866 	 Temp1: 66.2
Date/Time of run: 2018-11-14 03:57:14
Temp0: 65.975 	 Temp1: 66.2
Date/Time of run: 2018-11-14 04:02:15
Temp0: 65.975 	 Temp1: 66.2
Date/Time of run: 2018-11-14 04:07:14
Temp0: 65.975 	 Temp1: 66.2
Date/Time of run: 2018-11-14 04:12:15
Temp0: 65.975 	 Temp1: 66.2
Date/Time of run: 2018-11-14 04:17:14
Temp0: 65.975 	 Temp1: 66.2
Date/Time of run: 2018-11-14 04:22:14
Temp0: 65.975 	 Temp1: 66.2
Date/Time of run: 2018-11-14 04:27:14
Temp0: 65.975 	 Temp1: 66.2
Date/Time of run: 2018-11-14 04:32:15
Temp0: 65.8616 	 Temp1: 66.2
Date/Time of run: 2018-11-14 04:37:14
Temp0: 65.975 	 Temp1: 66.2
Date/Time of run: 2018-11-14 04:42:14
Temp0: 65.8616 	 Temp1: 66.0866
Date/Time of run: 2018-11-14 04:47:14
Temp0: 65.975 	 Temp1: 66.2
Date/Time of run: 2018-11-14 04:52:14
Temp0: 65.8616 	 Temp1: 66.0866
Date/Time of run: 2018-11-14 04:57:14
Temp0: 65.8616 	 Temp1: 66.0866
Date/Time of run: 2018-11-14 05:02:15
Temp0: 65.8616 	 Temp1: 65.975
Date/Time of run: 2018-11-14 05:07:13
Temp0: 65.75 	 Temp1: 65.975
Date/Time of run: 2018-11-14 05:12:14
Temp0: 65.75 	 Temp1: 66.0866
Date/Time of run: 2018-11-14 05:17:13
Temp0: 65.75 	 Temp1: 66.0866
Date/Time of run: 2018-11-14 05:22:13
Temp0: 65.8616 	 Temp1: 66.0866
Date/Time of run: 2018-11-14 05:27:13
Temp0: 65.8616 	 Temp1: 66.2
Date/Time of run: 2018-11-14 05:32:13
Temp0: 65.8616 	 Temp1: 66.2
Date/Time of run: 2018-11-14 05:37:14
Temp0: 65.8616 	 Temp1: 66.2
Date/Time of run: 2018-11-14 05:42:14
Temp0: 65.8616 	 Temp1: 66.0866
Date/Time of run: 2018-11-14 05:47:14
Temp0: 65.8616 	 Temp1: 66.2
Date/Time of run: 2018-11-14 05:52:13
Temp0: 65.8616 	 Temp1: 66.0866
Date/Time of run: 2018-11-14 05:57:14
Temp0: 65.8616 	 Temp1: 66.2
Date/Time of run: 2018-11-14 06:02:13
Temp0: 65.8616 	 Temp1: 65.8616
Date/Time of run: 2018-11-14 06:07:14
Temp0: 65.1866 	 Temp1: 65.1866
Date/Time of run: 2018-11-14 06:12:14
Temp0: 64.9616 	 Temp1: 65.4116
Date/Time of run: 2018-11-14 06:17:15
Temp0: 65.075 	 Temp1: 65.4116
Date/Time of run: 2018-11-14 06:22:16
Temp0: 65.075 	 Temp1: 65.4116
Date/Time of run: 2018-11-14 06:27:14
Temp0: 64.9616 	 Temp1: 65.4116
Date/Time of run: 2018-11-14 06:32:15
Temp0: 64.9616 	 Temp1: 65.4116
Date/Time of run: 2018-11-14 06:37:14
Temp0: 64.9616 	 Temp1: 65.4116
Date/Time of run: 2018-11-14 06:42:14
Temp0: 65.075 	 Temp1: 65.525
Date/Time of run: 2018-11-14 06:47:14
Temp0: 64.9616 	 Temp1: 65.4116
Date/Time of run: 2018-11-14 06:52:14
Temp0: 64.9616 	 Temp1: 65.525
Date/Time of run: 2018-11-14 06:57:14
Temp0: 64.9616 	 Temp1: 65.525
Date/Time of run: 2018-11-14 07:02:14
Temp0: 65.075 	 Temp1: 65.525
Date/Time of run: 2018-11-14 07:07:14
Temp0: 65.075 	 Temp1: 65.525
Date/Time of run: 2018-11-14 07:12:14
Temp0: 66.2 	 Temp1: 66.875
Date/Time of run: 2018-11-14 07:17:14
Temp0: 66.425 	 Temp1: 66.65
Date/Time of run: 2018-11-14 07:22:15
Temp0: 65.75 	 Temp1: 66.0866
Date/Time of run: 2018-11-14 07:27:14
Temp0: 65.525 	 Temp1: 65.975
Date/Time of run: 2018-11-14 07:32:16
Temp0: 66.7616 	 Temp1: 67.4366
Date/Time of run: 2018-11-14 07:37:14
Temp0: 67.2116 	 Temp1: 67.6616
Date/Time of run: 2018-11-14 07:42:14
Temp0: 66.5366 	 Temp1: 66.875
Date/Time of run: 2018-11-14 07:47:13
Temp0: 66.5366 	 Temp1: 66.7616
Date/Time of run: 2018-11-14 07:52:15
Temp0: 66.425 	 Temp1: 66.875
Date/Time of run: 2018-11-14 07:57:13
Temp0: 66.2 	 Temp1: 66.5366
Date/Time of run: 2018-11-14 08:02:14
Temp0: 66.2 	 Temp1: 66.5366
Date/Time of run: 2018-11-14 08:07:13
Temp0: 66.3116 	 Temp1: 66.7616
Date/Time of run: 2018-11-14 08:12:13
Temp0: 66.7616 	 Temp1: 67.2116
Date/Time of run: 2018-11-14 08:17:14
Temp0: 66.7616 	 Temp1: 67.325
Date/Time of run: 2018-11-14 08:22:14
Temp0: 66.65 	 Temp1: 67.1
Date/Time of run: 2018-11-14 08:27:13
Temp0: 66.425 	 Temp1: 66.875
Date/Time of run: 2018-11-14 08:32:14
Temp0: 66.875 	 Temp1: 67.4366
Date/Time of run: 2018-11-14 08:37:14
Temp0: 67.1 	 Temp1: 67.6616
Date/Time of run: 2018-11-14 08:42:14
Temp0: 67.2116 	 Temp1: 67.6616
Date/Time of run: 2018-11-14 08:47:14
Temp0: 67.2116 	 Temp1: 67.6616
Date/Time of run: 2018-11-14 08:52:14
Temp0: 67.2116 	 Temp1: 67.6616
Date/Time of run: 2018-11-14 08:57:14
Temp0: 67.325 	 Temp1: 67.775
Date/Time of run: 2018-11-14 09:02:14
Temp0: 67.4366 	 Temp1: 68.0
Date/Time of run: 2018-11-14 09:07:14
Temp0: 67.6616 	 Temp1: 68.1116
Date/Time of run: 2018-11-14 09:12:15
Temp0: 67.55 	 Temp1: 68.0
Date/Time of run: 2018-11-14 09:17:14
Temp0: 67.4366 	 Temp1: 68.0
Date/Time of run: 2018-11-14 09:22:14
Temp0: 67.2116 	 Temp1: 67.775
Date/Time of run: 2018-11-14 09:27:14
Temp0: 67.1 	 Temp1: 67.6616
Date/Time of run: 2018-11-14 09:32:15
Temp0: 67.4366 	 Temp1: 68.1116
Date/Time of run: 2018-11-14 09:37:15
Temp0: 67.775 	 Temp1: 68.3366
Date/Time of run: 2018-11-14 09:42:14
Temp0: 67.8866 	 Temp1: 68.45
Date/Time of run: 2018-11-14 09:47:14
Temp0: 68.0 	 Temp1: 68.45
Date/Time of run: 2018-11-14 09:52:14
Temp0: 68.1116 	 Temp1: 68.675
Date/Time of run: 2018-11-14 09:57:14
Temp0: 68.225 	 Temp1: 68.7866
Date/Time of run: 2018-11-14 10:02:14
Temp0: 68.225 	 Temp1: 68.7866
Date/Time of run: 2018-11-14 10:07:14
Temp0: 68.45 	 Temp1: 69.0116
Date/Time of run: 2018-11-14 10:12:15
Temp0: 68.45 	 Temp1: 69.125
Date/Time of run: 2018-11-14 10:17:14
Temp0: 68.5616 	 Temp1: 69.2366
Date/Time of run: 2018-11-14 10:22:14
Temp0: 68.5616 	 Temp1: 69.2366
Date/Time of run: <module 'time' (built-in)>
Temp0: 68.675 	 Temp1: 69.2366
Date/Time of run: 2018-11-14 10:27:17
Temp0: 68.675 	 Temp1: 69.2366
Date/Time of run: 2018-11-14 10:32:14
******ALERT******
Temp0: 81.6116 	 Temp1: 82.9616
Date/Time of run: 2018-11-14 10:37:13
Temp0: 71.825 	 ***ALERT*** Temp1: 82.175
Date/Time of run: 2018-11-14 10:42:13
Temp0: 69.575 	 ***ALERT*** Temp1: 82.4
Date/Time of run: 2018-11-14 10:47:13
Temp0: 69.2366 	 ***ALERT*** Temp1: 82.2866
Date/Time of run: 2018-11-14 10:52:13
Temp0: 75.0866 	 Temp1: 71.9366
